# Logfile created on Mon Feb 07 23:24:28 -0600 2011

Processing MainController#index (for 127.0.0.1 at 2011-02-07 23:29:17) [GET]
Rendering main/index
Completed in 2ms (View: 1, DB: 0) | 200 OK [http://localhost/]


Processing MainController#show (for 127.0.0.1 at 2011-02-07 23:29:19) [GET]
Rendering template within layouts/main
Rendering main/show
Completed in 18ms (View: 18, DB: 0) | 200 OK [http://localhost/main/show]


Processing MpScenariosController#index (for 127.0.0.1 at 2011-02-07 23:29:22) [GET]
Rendering template within layouts/main
Rendering mp_scenarios/index
Completed in 47ms (View: 36, DB: 0) | 200 OK [http://localhost/mp_scenarios]


Processing MpScenariosController#edit (for 127.0.0.1 at 2011-02-07 23:29:56) [GET]
  Parameters: {"id"=>"654548843"}
Rendering template within layouts/main
Rendering mp_scenarios/edit
Completed in 378933ms (View: 378931, DB: 0) | 200 OK [http://localhost/mp_scenarios/654548843/edit]


Processing MpScenariosController#show (for 127.0.0.1 at 2011-02-07 23:36:15) [GET]
  Parameters: {"id"=>"864857391"}
Rendering template within layouts/main
Rendering mp_scenarios/show
Completed in 17ms (View: 15, DB: 0) | 200 OK [http://localhost/mp_scenarios/864857391]


Processing MpScenariosController#index (for 127.0.0.1 at 2011-02-07 23:36:15) [GET]
Rendering template within layouts/main
Rendering mp_scenarios/index
Completed in 19ms (View: 18, DB: 0) | 200 OK [http://localhost/mp_scenarios]


Processing MpScenariosController#edit (for 127.0.0.1 at 2011-02-07 23:36:15) [GET]
  Parameters: {"id"=>"864857391"}
Rendering template within layouts/main
Rendering mp_scenarios/edit
Completed in 378872ms (View: 378871, DB: 0) | 200 OK [http://localhost/mp_scenarios/864857391/edit]
